<?xml version="1.0" encoding="UTF-8"?>
<!-- Generated by org.testng.reporters.JUnitXMLReporter -->
<testsuite ignored="2" hostname="LAPTOP-MDM1H7HV" failures="0" tests="3" name="Command line test" time="25.327" errors="0" timestamp="2021-06-15T18:03:08 ART">
  <testcase classname="test.OrderTest" name="searchByHigherPriceTest" time="3.706"/>
  <testcase classname="test.SearchTest" name="testSearchWithResult" time="0.004"/>
  <testcase classname="test.SearchTest" name="testSearchWithoutResult" time="0.0"/>
  <testcase classname="pageObjects.Base" name="@AfterTest afterTest" time="0.0">
    <ignored/>
  </testcase> <!-- @AfterTest afterTest -->
  <testcase classname="pageObjects.Base" name="@BeforeTest beforeTest" time="0.0">
    <ignored/>
  </testcase> <!-- @BeforeTest beforeTest -->
</testsuite> <!-- Command line test -->
