<?xml version="1.0" encoding="UTF-8"?>
<!-- Generated by org.testng.reporters.JUnitXMLReporter -->
<testsuite ignored="7" hostname="LAPTOP-MDM1H7HV" failures="0" tests="0" time="0.011" errors="0" timestamp="2021-06-16T17:44:18 ART">
  <testcase classname="test.OtherTests" name="testNumericEquals" time="0.0">
    <ignored/>
  </testcase> <!-- testNumericEquals -->
  <testcase classname="test.OtherTests" name="testStringsEquals" time="0.0">
    <ignored/>
  </testcase> <!-- testStringsEquals -->
  <testcase classname="test.OtherTests" name="testEquals" time="0.0">
    <ignored/>
  </testcase> <!-- testEquals -->
  <testcase classname="test.OtherTests" name="notEquals" time="0.0">
    <ignored/>
  </testcase> <!-- notEquals -->
  <testcase classname="test.OtherTests" name="testFalse" time="0.0">
    <ignored/>
  </testcase> <!-- testFalse -->
  <testcase classname="test.OtherTests" name="testTrue" time="0.0">
    <ignored/>
  </testcase> <!-- testTrue -->
  <testcase classname="test.OtherTests" name="testBoolEquals" time="0.0">
    <ignored/>
  </testcase> <!-- testBoolEquals -->
</testsuite>
