<?xml version="1.0" encoding="UTF-8"?>
<testng-results ignored="2" total="5" passed="3" failed="0" skipped="0">
  <reporter-output>
  </reporter-output>
  <suite started-at="2021-06-15T18:02:43 ART" name="Command line suite" finished-at="2021-06-15T18:03:08 ART" duration-ms="25327">
    <groups>
    </groups>
    <test started-at="2021-06-15T18:02:43 ART" name="Command line test" finished-at="2021-06-15T18:03:08 ART" duration-ms="25327">
      <class name="test.OrderTest">
        <test-method is-config="true" signature="beforeTest()[pri:0, instance:test.OrderTest@4bb4de6a]" started-at="2021-06-15T18:02:43 ART" name="beforeTest" finished-at="2021-06-15T18:02:43 ART" duration-ms="19" status="PASS">
          <reporter-output>
          </reporter-output>
        </test-method> <!-- beforeTest -->
        <test-method is-config="true" signature="beforeMethod()[pri:0, instance:test.OrderTest@4bb4de6a]" started-at="2021-06-15T18:02:43 ART" name="beforeMethod" finished-at="2021-06-15T18:02:50 ART" duration-ms="7423" status="PASS">
          <reporter-output>
          </reporter-output>
        </test-method> <!-- beforeMethod -->
        <test-method signature="searchByHigherPriceTest()[pri:10, instance:test.OrderTest@4bb4de6a]" started-at="2021-06-15T18:02:50 ART" name="searchByHigherPriceTest" description="Tests order by higher price" finished-at="2021-06-15T18:02:54 ART" duration-ms="3706" status="PASS">
          <reporter-output>
          </reporter-output>
        </test-method> <!-- searchByHigherPriceTest -->
        <test-method is-config="true" signature="afterMethod()[pri:0, instance:test.OrderTest@4bb4de6a]" started-at="2021-06-15T18:02:54 ART" name="afterMethod" finished-at="2021-06-15T18:02:55 ART" duration-ms="778" status="PASS">
          <reporter-output>
          </reporter-output>
        </test-method> <!-- afterMethod -->
        <test-method is-config="true" signature="afterTest()[pri:0, instance:test.OrderTest@4bb4de6a]" started-at="2021-06-15T18:03:08 ART" name="afterTest" finished-at="2021-06-15T18:03:08 ART" duration-ms="0" status="PASS">
          <reporter-output>
          </reporter-output>
        </test-method> <!-- afterTest -->
      </class> <!-- test.OrderTest -->
      <class name="test.SearchTest">
        <test-method is-config="true" signature="beforeMethod()[pri:0, instance:test.SearchTest@6483f5ae]" started-at="2021-06-15T18:02:55 ART" name="beforeMethod" finished-at="2021-06-15T18:03:01 ART" duration-ms="5813" status="PASS">
          <reporter-output>
          </reporter-output>
        </test-method> <!-- beforeMethod -->
        <test-method signature="testSearchWithResult()[pri:0, instance:test.SearchTest@6483f5ae]" started-at="2021-06-15T18:03:01 ART" name="testSearchWithResult" description="This is a search with results WIP" finished-at="2021-06-15T18:03:01 ART" duration-ms="4" status="PASS">
          <reporter-output>
          </reporter-output>
        </test-method> <!-- testSearchWithResult -->
        <test-method is-config="true" signature="afterMethod()[pri:0, instance:test.SearchTest@6483f5ae]" started-at="2021-06-15T18:03:01 ART" name="afterMethod" finished-at="2021-06-15T18:03:02 ART" duration-ms="821" status="PASS">
          <reporter-output>
          </reporter-output>
        </test-method> <!-- afterMethod -->
        <test-method is-config="true" signature="beforeMethod()[pri:0, instance:test.SearchTest@6483f5ae]" started-at="2021-06-15T18:03:02 ART" name="beforeMethod" finished-at="2021-06-15T18:03:07 ART" duration-ms="5893" status="PASS">
          <reporter-output>
          </reporter-output>
        </test-method> <!-- beforeMethod -->
        <test-method is-config="true" signature="afterMethod()[pri:0, instance:test.SearchTest@6483f5ae]" started-at="2021-06-15T18:03:07 ART" name="afterMethod" finished-at="2021-06-15T18:03:08 ART" duration-ms="816" status="PASS">
          <reporter-output>
          </reporter-output>
        </test-method> <!-- afterMethod -->
        <test-method signature="testSearchWithoutResult()[pri:0, instance:test.SearchTest@6483f5ae]" started-at="2021-06-15T18:03:07 ART" name="testSearchWithoutResult" description="This is a search that has no results" finished-at="2021-06-15T18:03:07 ART" duration-ms="0" status="PASS">
          <reporter-output>
          </reporter-output>
        </test-method> <!-- testSearchWithoutResult -->
      </class> <!-- test.SearchTest -->
    </test> <!-- Command line test -->
  </suite> <!-- Command line suite -->
</testng-results>
