<?xml version="1.0" encoding="UTF-8"?>
<testng-results ignored="0" total="2" passed="2" failed="0" skipped="0">
  <reporter-output>
  </reporter-output>
  <suite started-at="2021-06-07T17:57:31 ART" name="test.SearchTest" finished-at="2021-06-07T17:58:03 ART" duration-ms="31700">
    <groups>
    </groups>
    <test started-at="2021-06-07T17:57:31 ART" name="Command line test" finished-at="2021-06-07T17:58:03 ART" duration-ms="31700">
      <class name="test.SearchTest">
        <test-method signature="testSearchWithResult()[pri:0, instance:test.SearchTest@4d1b0d2a]" started-at="2021-06-07T17:57:31 ART" name="testSearchWithResult" finished-at="2021-06-07T17:57:50 ART" duration-ms="18877" status="PASS">
          <reporter-output>
          </reporter-output>
        </test-method> <!-- testSearchWithResult -->
        <test-method signature="testSearchWithoutResult()[pri:0, instance:test.SearchTest@4d1b0d2a]" started-at="2021-06-07T17:57:50 ART" name="testSearchWithoutResult" finished-at="2021-06-07T17:58:03 ART" duration-ms="12771" status="PASS">
          <reporter-output>
          </reporter-output>
        </test-method> <!-- testSearchWithoutResult -->
      </class> <!-- test.SearchTest -->
    </test> <!-- Command line test -->
  </suite> <!-- test.SearchTest -->
</testng-results>
