<?xml version="1.0" encoding="UTF-8"?>
<!-- Generated by org.testng.reporters.JUnitXMLReporter -->
<testsuite ignored="1" hostname="LAPTOP-MDM1H7HV" failures="0" tests="1" name="Command line test" time="14.893" errors="0" timestamp="2021-06-16T16:52:29 ART">
  <testcase classname="test.SearchTest" name="testSearchWithResult" time="0.003"/>
  <testcase classname="test.SearchTest" name="testSearchWithoutResult" time="0.0">
    <ignored/>
  </testcase> <!-- testSearchWithoutResult -->
</testsuite> <!-- Command line test -->
